── Attaching core tidyverse packages ──────────────────────── tidyverse 2.0.0 ──
✔ dplyr     1.1.4     ✔ readr     2.1.5
✔ forcats   1.0.0     ✔ stringr   1.5.0
✔ ggplot2   3.5.0     ✔ tibble    3.2.1
✔ lubridate 1.9.3     ✔ tidyr     1.3.1
✔ purrr     1.0.2     
── Conflicts ────────────────────────────────────────── tidyverse_conflicts() ──
✖ dplyr::filter() masks stats::filter()
✖ dplyr::lag()    masks stats::lag()
ℹ Use the conflicted package (<http://conflicted.r-lib.org/>) to force all conflicts to become errors
Loading required package: lattice

Attaching package: ‘caret’

The following object is masked from ‘package:purrr’:

    lift

Loading required package: foreach

Attaching package: ‘foreach’

The following objects are masked from ‘package:purrr’:

    accumulate, when

Loading required package: iterators
+ Fold01: intercept=TRUE 
- Fold01: intercept=TRUE 
+ Fold02: intercept=TRUE 
- Fold02: intercept=TRUE 
+ Fold03: intercept=TRUE 
- Fold03: intercept=TRUE 
+ Fold04: intercept=TRUE 
- Fold04: intercept=TRUE 
+ Fold05: intercept=TRUE 
- Fold05: intercept=TRUE 
+ Fold06: intercept=TRUE 
- Fold06: intercept=TRUE 
+ Fold07: intercept=TRUE 
- Fold07: intercept=TRUE 
+ Fold08: intercept=TRUE 
- Fold08: intercept=TRUE 
+ Fold09: intercept=TRUE 
- Fold09: intercept=TRUE 
+ Fold10: intercept=TRUE 
- Fold10: intercept=TRUE 
Aggregating results
Fitting final model on full training set
10.874 sec elapsed
Warning messages:
1: In predict.lm(modelFit, newdata) :
  prediction from rank-deficient fit; attr(*, "non-estim") has doubtful cases
2: In predict.lm(modelFit, newdata) :
  prediction from rank-deficient fit; attr(*, "non-estim") has doubtful cases
3: In predict.lm(modelFit, newdata) :
  prediction from rank-deficient fit; attr(*, "non-estim") has doubtful cases
4: In predict.lm(modelFit, newdata) :
  prediction from rank-deficient fit; attr(*, "non-estim") has doubtful cases
5: In predict.lm(modelFit, newdata) :
  prediction from rank-deficient fit; attr(*, "non-estim") has doubtful cases
6: In predict.lm(modelFit, newdata) :
  prediction from rank-deficient fit; attr(*, "non-estim") has doubtful cases
7: In predict.lm(modelFit, newdata) :
  prediction from rank-deficient fit; attr(*, "non-estim") has doubtful cases
8: In predict.lm(modelFit, newdata) :
  prediction from rank-deficient fit; attr(*, "non-estim") has doubtful cases
9: In predict.lm(modelFit, newdata) :
  prediction from rank-deficient fit; attr(*, "non-estim") has doubtful cases
10: In predict.lm(modelFit, newdata) :
  prediction from rank-deficient fit; attr(*, "non-estim") has doubtful cases
Linear Regression 

426 samples
958 predictors

Pre-processing: centered (629), scaled (629), median imputation (629),
 remove (329) 
Resampling: Cross-Validated (10 fold) 
Summary of sample sizes: 383, 384, 384, 385, 383, 384, ... 
Resampling results:

  RMSE      Rsquared    MAE    
  190.4692  0.04507535  43.3678

Tuning parameter 'intercept' was held constant at a value of TRUE
Warning message:
In predict.lm(modelFit, newdata) :
  prediction from rank-deficient fit; attr(*, "non-estim") has doubtful cases
+ Fold01: alpha=0.10, lambda=8.183 
- Fold01: alpha=0.10, lambda=8.183 
+ Fold01: alpha=0.55, lambda=8.183 
- Fold01: alpha=0.55, lambda=8.183 
+ Fold01: alpha=1.00, lambda=8.183 
- Fold01: alpha=1.00, lambda=8.183 
+ Fold02: alpha=0.10, lambda=8.183 
- Fold02: alpha=0.10, lambda=8.183 
+ Fold02: alpha=0.55, lambda=8.183 
- Fold02: alpha=0.55, lambda=8.183 
+ Fold02: alpha=1.00, lambda=8.183 
- Fold02: alpha=1.00, lambda=8.183 
+ Fold03: alpha=0.10, lambda=8.183 
- Fold03: alpha=0.10, lambda=8.183 
+ Fold03: alpha=0.55, lambda=8.183 
- Fold03: alpha=0.55, lambda=8.183 
+ Fold03: alpha=1.00, lambda=8.183 
- Fold03: alpha=1.00, lambda=8.183 
+ Fold04: alpha=0.10, lambda=8.183 
- Fold04: alpha=0.10, lambda=8.183 
+ Fold04: alpha=0.55, lambda=8.183 
- Fold04: alpha=0.55, lambda=8.183 
+ Fold04: alpha=1.00, lambda=8.183 
- Fold04: alpha=1.00, lambda=8.183 
+ Fold05: alpha=0.10, lambda=8.183 
- Fold05: alpha=0.10, lambda=8.183 
+ Fold05: alpha=0.55, lambda=8.183 
- Fold05: alpha=0.55, lambda=8.183 
+ Fold05: alpha=1.00, lambda=8.183 
- Fold05: alpha=1.00, lambda=8.183 
+ Fold06: alpha=0.10, lambda=8.183 
- Fold06: alpha=0.10, lambda=8.183 
+ Fold06: alpha=0.55, lambda=8.183 
- Fold06: alpha=0.55, lambda=8.183 
+ Fold06: alpha=1.00, lambda=8.183 
- Fold06: alpha=1.00, lambda=8.183 
+ Fold07: alpha=0.10, lambda=8.183 
- Fold07: alpha=0.10, lambda=8.183 
+ Fold07: alpha=0.55, lambda=8.183 
- Fold07: alpha=0.55, lambda=8.183 
+ Fold07: alpha=1.00, lambda=8.183 
- Fold07: alpha=1.00, lambda=8.183 
+ Fold08: alpha=0.10, lambda=8.183 
- Fold08: alpha=0.10, lambda=8.183 
+ Fold08: alpha=0.55, lambda=8.183 
- Fold08: alpha=0.55, lambda=8.183 
+ Fold08: alpha=1.00, lambda=8.183 
- Fold08: alpha=1.00, lambda=8.183 
+ Fold09: alpha=0.10, lambda=8.183 
- Fold09: alpha=0.10, lambda=8.183 
+ Fold09: alpha=0.55, lambda=8.183 
- Fold09: alpha=0.55, lambda=8.183 
+ Fold09: alpha=1.00, lambda=8.183 
- Fold09: alpha=1.00, lambda=8.183 
+ Fold10: alpha=0.10, lambda=8.183 
- Fold10: alpha=0.10, lambda=8.183 
+ Fold10: alpha=0.55, lambda=8.183 
- Fold10: alpha=0.55, lambda=8.183 
+ Fold10: alpha=1.00, lambda=8.183 
- Fold10: alpha=1.00, lambda=8.183 
Aggregating results
Selecting tuning parameters
Fitting alpha = 0.1, lambda = 0.818 on full training set
20.938 sec elapsed
glmnet 

426 samples
958 predictors

Pre-processing: centered (629), scaled (629), median imputation (629),
 remove (329) 
Resampling: Cross-Validated (10 fold) 
Summary of sample sizes: 384, 382, 382, 385, 384, 384, ... 
Resampling results across tuning parameters:

  alpha  lambda     RMSE       Rsquared   MAE      
  0.10   0.8183024   5.477801  0.9006332   3.909740
  0.10   2.5876994   6.908628  0.8458673   4.987816
  0.10   8.1830241   9.932285  0.7019443   7.032833
  0.55   0.8183024   7.882986  0.7870982   5.668725
  0.55   2.5876994  10.431035  0.6398427   7.464649
  0.55   8.1830241  12.557647  0.5918557   9.171567
  1.00   0.8183024   9.346032  0.6965106   6.620406
  1.00   2.5876994  11.191475  0.5952598   7.954810
  1.00   8.1830241  13.775586  0.5962858  10.225597

RMSE was used to select the optimal model using the smallest value.
The final values used for the model were alpha = 0.1 and lambda = 0.8183024.
+ Fold01: mtry=  2, min.node.size=5, splitrule=variance 
- Fold01: mtry=  2, min.node.size=5, splitrule=variance 
+ Fold01: mtry= 35, min.node.size=5, splitrule=variance 
- Fold01: mtry= 35, min.node.size=5, splitrule=variance 
+ Fold01: mtry=628, min.node.size=5, splitrule=variance 
- Fold01: mtry=628, min.node.size=5, splitrule=variance 
+ Fold01: mtry=  2, min.node.size=5, splitrule=extratrees 
- Fold01: mtry=  2, min.node.size=5, splitrule=extratrees 
+ Fold01: mtry= 35, min.node.size=5, splitrule=extratrees 
- Fold01: mtry= 35, min.node.size=5, splitrule=extratrees 
+ Fold01: mtry=628, min.node.size=5, splitrule=extratrees 
- Fold01: mtry=628, min.node.size=5, splitrule=extratrees 
+ Fold02: mtry=  2, min.node.size=5, splitrule=variance 
- Fold02: mtry=  2, min.node.size=5, splitrule=variance 
+ Fold02: mtry= 35, min.node.size=5, splitrule=variance 
- Fold02: mtry= 35, min.node.size=5, splitrule=variance 
+ Fold02: mtry=628, min.node.size=5, splitrule=variance 
Error: mtry can not be larger than number of variables in data. Ranger will EXIT now.
model fit failed for Fold02: mtry=628, min.node.size=5, splitrule=variance Error in ranger::ranger(dependent.variable.name = ".outcome", data = x,  : 
  User interrupt or internal error.
 
- Fold02: mtry=628, min.node.size=5, splitrule=variance 
+ Fold02: mtry=  2, min.node.size=5, splitrule=extratrees 
- Fold02: mtry=  2, min.node.size=5, splitrule=extratrees 
+ Fold02: mtry= 35, min.node.size=5, splitrule=extratrees 
- Fold02: mtry= 35, min.node.size=5, splitrule=extratrees 
+ Fold02: mtry=628, min.node.size=5, splitrule=extratrees 
Error: mtry can not be larger than number of variables in data. Ranger will EXIT now.
model fit failed for Fold02: mtry=628, min.node.size=5, splitrule=extratrees Error in ranger::ranger(dependent.variable.name = ".outcome", data = x,  : 
  User interrupt or internal error.
 
- Fold02: mtry=628, min.node.size=5, splitrule=extratrees 
+ Fold03: mtry=  2, min.node.size=5, splitrule=variance 
- Fold03: mtry=  2, min.node.size=5, splitrule=variance 
+ Fold03: mtry= 35, min.node.size=5, splitrule=variance 
- Fold03: mtry= 35, min.node.size=5, splitrule=variance 
+ Fold03: mtry=628, min.node.size=5, splitrule=variance 
- Fold03: mtry=628, min.node.size=5, splitrule=variance 
+ Fold03: mtry=  2, min.node.size=5, splitrule=extratrees 
- Fold03: mtry=  2, min.node.size=5, splitrule=extratrees 
+ Fold03: mtry= 35, min.node.size=5, splitrule=extratrees 
- Fold03: mtry= 35, min.node.size=5, splitrule=extratrees 
+ Fold03: mtry=628, min.node.size=5, splitrule=extratrees 
- Fold03: mtry=628, min.node.size=5, splitrule=extratrees 
+ Fold04: mtry=  2, min.node.size=5, splitrule=variance 
- Fold04: mtry=  2, min.node.size=5, splitrule=variance 
+ Fold04: mtry= 35, min.node.size=5, splitrule=variance 
- Fold04: mtry= 35, min.node.size=5, splitrule=variance 
+ Fold04: mtry=628, min.node.size=5, splitrule=variance 
Error: mtry can not be larger than number of variables in data. Ranger will EXIT now.
model fit failed for Fold04: mtry=628, min.node.size=5, splitrule=variance Error in ranger::ranger(dependent.variable.name = ".outcome", data = x,  : 
  User interrupt or internal error.
 
- Fold04: mtry=628, min.node.size=5, splitrule=variance 
+ Fold04: mtry=  2, min.node.size=5, splitrule=extratrees 
- Fold04: mtry=  2, min.node.size=5, splitrule=extratrees 
+ Fold04: mtry= 35, min.node.size=5, splitrule=extratrees 
- Fold04: mtry= 35, min.node.size=5, splitrule=extratrees 
+ Fold04: mtry=628, min.node.size=5, splitrule=extratrees 
Error: mtry can not be larger than number of variables in data. Ranger will EXIT now.
model fit failed for Fold04: mtry=628, min.node.size=5, splitrule=extratrees Error in ranger::ranger(dependent.variable.name = ".outcome", data = x,  : 
  User interrupt or internal error.
 
- Fold04: mtry=628, min.node.size=5, splitrule=extratrees 
+ Fold05: mtry=  2, min.node.size=5, splitrule=variance 
- Fold05: mtry=  2, min.node.size=5, splitrule=variance 
+ Fold05: mtry= 35, min.node.size=5, splitrule=variance 
- Fold05: mtry= 35, min.node.size=5, splitrule=variance 
+ Fold05: mtry=628, min.node.size=5, splitrule=variance 
- Fold05: mtry=628, min.node.size=5, splitrule=variance 
+ Fold05: mtry=  2, min.node.size=5, splitrule=extratrees 
- Fold05: mtry=  2, min.node.size=5, splitrule=extratrees 
+ Fold05: mtry= 35, min.node.size=5, splitrule=extratrees 
- Fold05: mtry= 35, min.node.size=5, splitrule=extratrees 
+ Fold05: mtry=628, min.node.size=5, splitrule=extratrees 
- Fold05: mtry=628, min.node.size=5, splitrule=extratrees 
+ Fold06: mtry=  2, min.node.size=5, splitrule=variance 
- Fold06: mtry=  2, min.node.size=5, splitrule=variance 
+ Fold06: mtry= 35, min.node.size=5, splitrule=variance 
- Fold06: mtry= 35, min.node.size=5, splitrule=variance 
+ Fold06: mtry=628, min.node.size=5, splitrule=variance 
- Fold06: mtry=628, min.node.size=5, splitrule=variance 
+ Fold06: mtry=  2, min.node.size=5, splitrule=extratrees 
- Fold06: mtry=  2, min.node.size=5, splitrule=extratrees 
+ Fold06: mtry= 35, min.node.size=5, splitrule=extratrees 
- Fold06: mtry= 35, min.node.size=5, splitrule=extratrees 
+ Fold06: mtry=628, min.node.size=5, splitrule=extratrees 
- Fold06: mtry=628, min.node.size=5, splitrule=extratrees 
+ Fold07: mtry=  2, min.node.size=5, splitrule=variance 
- Fold07: mtry=  2, min.node.size=5, splitrule=variance 
+ Fold07: mtry= 35, min.node.size=5, splitrule=variance 
- Fold07: mtry= 35, min.node.size=5, splitrule=variance 
+ Fold07: mtry=628, min.node.size=5, splitrule=variance 
Error: mtry can not be larger than number of variables in data. Ranger will EXIT now.
model fit failed for Fold07: mtry=628, min.node.size=5, splitrule=variance Error in ranger::ranger(dependent.variable.name = ".outcome", data = x,  : 
  User interrupt or internal error.
 
- Fold07: mtry=628, min.node.size=5, splitrule=variance 
+ Fold07: mtry=  2, min.node.size=5, splitrule=extratrees 
- Fold07: mtry=  2, min.node.size=5, splitrule=extratrees 
+ Fold07: mtry= 35, min.node.size=5, splitrule=extratrees 
- Fold07: mtry= 35, min.node.size=5, splitrule=extratrees 
+ Fold07: mtry=628, min.node.size=5, splitrule=extratrees 
Error: mtry can not be larger than number of variables in data. Ranger will EXIT now.
model fit failed for Fold07: mtry=628, min.node.size=5, splitrule=extratrees Error in ranger::ranger(dependent.variable.name = ".outcome", data = x,  : 
  User interrupt or internal error.
 
- Fold07: mtry=628, min.node.size=5, splitrule=extratrees 
+ Fold08: mtry=  2, min.node.size=5, splitrule=variance 
- Fold08: mtry=  2, min.node.size=5, splitrule=variance 
+ Fold08: mtry= 35, min.node.size=5, splitrule=variance 
- Fold08: mtry= 35, min.node.size=5, splitrule=variance 
+ Fold08: mtry=628, min.node.size=5, splitrule=variance 
- Fold08: mtry=628, min.node.size=5, splitrule=variance 
+ Fold08: mtry=  2, min.node.size=5, splitrule=extratrees 
- Fold08: mtry=  2, min.node.size=5, splitrule=extratrees 
+ Fold08: mtry= 35, min.node.size=5, splitrule=extratrees 
- Fold08: mtry= 35, min.node.size=5, splitrule=extratrees 
+ Fold08: mtry=628, min.node.size=5, splitrule=extratrees 
- Fold08: mtry=628, min.node.size=5, splitrule=extratrees 
+ Fold09: mtry=  2, min.node.size=5, splitrule=variance 
- Fold09: mtry=  2, min.node.size=5, splitrule=variance 
+ Fold09: mtry= 35, min.node.size=5, splitrule=variance 
- Fold09: mtry= 35, min.node.size=5, splitrule=variance 
+ Fold09: mtry=628, min.node.size=5, splitrule=variance 
- Fold09: mtry=628, min.node.size=5, splitrule=variance 
+ Fold09: mtry=  2, min.node.size=5, splitrule=extratrees 
- Fold09: mtry=  2, min.node.size=5, splitrule=extratrees 
+ Fold09: mtry= 35, min.node.size=5, splitrule=extratrees 
- Fold09: mtry= 35, min.node.size=5, splitrule=extratrees 
+ Fold09: mtry=628, min.node.size=5, splitrule=extratrees 
- Fold09: mtry=628, min.node.size=5, splitrule=extratrees 
+ Fold10: mtry=  2, min.node.size=5, splitrule=variance 
- Fold10: mtry=  2, min.node.size=5, splitrule=variance 
+ Fold10: mtry= 35, min.node.size=5, splitrule=variance 
- Fold10: mtry= 35, min.node.size=5, splitrule=variance 
+ Fold10: mtry=628, min.node.size=5, splitrule=variance 
- Fold10: mtry=628, min.node.size=5, splitrule=variance 
+ Fold10: mtry=  2, min.node.size=5, splitrule=extratrees 
- Fold10: mtry=  2, min.node.size=5, splitrule=extratrees 
+ Fold10: mtry= 35, min.node.size=5, splitrule=extratrees 
- Fold10: mtry= 35, min.node.size=5, splitrule=extratrees 
+ Fold10: mtry=628, min.node.size=5, splitrule=extratrees 
- Fold10: mtry=628, min.node.size=5, splitrule=extratrees 
Aggregating results
Selecting tuning parameters
Fitting mtry = 628, splitrule = variance, min.node.size = 5 on full training set
67.697 sec elapsed
Warning messages:
1: model fit failed for Fold02: mtry=628, min.node.size=5, splitrule=variance Error in ranger::ranger(dependent.variable.name = ".outcome", data = x,  : 
  User interrupt or internal error.
 
2: model fit failed for Fold02: mtry=628, min.node.size=5, splitrule=extratrees Error in ranger::ranger(dependent.variable.name = ".outcome", data = x,  : 
  User interrupt or internal error.
 
3: model fit failed for Fold04: mtry=628, min.node.size=5, splitrule=variance Error in ranger::ranger(dependent.variable.name = ".outcome", data = x,  : 
  User interrupt or internal error.
 
4: model fit failed for Fold04: mtry=628, min.node.size=5, splitrule=extratrees Error in ranger::ranger(dependent.variable.name = ".outcome", data = x,  : 
  User interrupt or internal error.
 
5: model fit failed for Fold07: mtry=628, min.node.size=5, splitrule=variance Error in ranger::ranger(dependent.variable.name = ".outcome", data = x,  : 
  User interrupt or internal error.
 
6: model fit failed for Fold07: mtry=628, min.node.size=5, splitrule=extratrees Error in ranger::ranger(dependent.variable.name = ".outcome", data = x,  : 
  User interrupt or internal error.
 
7: In nominalTrainWorkflow(x = x, y = y, wts = weights, info = trainInfo,  :
  There were missing values in resampled performance measures.
Random Forest 

426 samples
958 predictors

Pre-processing: centered (629), scaled (629), median imputation (629),
 remove (329) 
Resampling: Cross-Validated (10 fold) 
Summary of sample sizes: 384, 385, 384, 383, 383, 384, ... 
Resampling results across tuning parameters:

  mtry  splitrule   RMSE       Rsquared   MAE     
    2   variance     9.791310  0.9194598  7.197096
    2   extratrees  11.102052  0.9079926  8.203233
   35   variance     6.192988  0.9397980  4.240497
   35   extratrees   6.708432  0.9401926  4.708970
  628   variance     4.800807  0.9285913  3.292449
  628   extratrees   4.827295  0.9368642  3.330072

Tuning parameter 'min.node.size' was held constant at a value of 5
RMSE was used to select the optimal model using the smallest value.
The final values used for the model were mtry = 628, splitrule = variance
 and min.node.size = 5.
+ Fold01: lambda=0e+00, alpha=0e+00, nrounds= 50, eta=0.3 
- Fold01: lambda=0e+00, alpha=0e+00, nrounds= 50, eta=0.3 
+ Fold01: lambda=1e-01, alpha=0e+00, nrounds= 50, eta=0.3 
- Fold01: lambda=1e-01, alpha=0e+00, nrounds= 50, eta=0.3 
+ Fold01: lambda=1e-04, alpha=0e+00, nrounds= 50, eta=0.3 
- Fold01: lambda=1e-04, alpha=0e+00, nrounds= 50, eta=0.3 
+ Fold01: lambda=0e+00, alpha=1e-01, nrounds= 50, eta=0.3 
- Fold01: lambda=0e+00, alpha=1e-01, nrounds= 50, eta=0.3 
+ Fold01: lambda=1e-01, alpha=1e-01, nrounds= 50, eta=0.3 
- Fold01: lambda=1e-01, alpha=1e-01, nrounds= 50, eta=0.3 
+ Fold01: lambda=1e-04, alpha=1e-01, nrounds= 50, eta=0.3 
- Fold01: lambda=1e-04, alpha=1e-01, nrounds= 50, eta=0.3 
+ Fold01: lambda=0e+00, alpha=1e-04, nrounds= 50, eta=0.3 
- Fold01: lambda=0e+00, alpha=1e-04, nrounds= 50, eta=0.3 
+ Fold01: lambda=1e-01, alpha=1e-04, nrounds= 50, eta=0.3 
- Fold01: lambda=1e-01, alpha=1e-04, nrounds= 50, eta=0.3 
+ Fold01: lambda=1e-04, alpha=1e-04, nrounds= 50, eta=0.3 
- Fold01: lambda=1e-04, alpha=1e-04, nrounds= 50, eta=0.3 
+ Fold01: lambda=0e+00, alpha=0e+00, nrounds=100, eta=0.3 
- Fold01: lambda=0e+00, alpha=0e+00, nrounds=100, eta=0.3 
+ Fold01: lambda=1e-01, alpha=0e+00, nrounds=100, eta=0.3 
- Fold01: lambda=1e-01, alpha=0e+00, nrounds=100, eta=0.3 
+ Fold01: lambda=1e-04, alpha=0e+00, nrounds=100, eta=0.3 
- Fold01: lambda=1e-04, alpha=0e+00, nrounds=100, eta=0.3 
+ Fold01: lambda=0e+00, alpha=1e-01, nrounds=100, eta=0.3 
- Fold01: lambda=0e+00, alpha=1e-01, nrounds=100, eta=0.3 
+ Fold01: lambda=1e-01, alpha=1e-01, nrounds=100, eta=0.3 
- Fold01: lambda=1e-01, alpha=1e-01, nrounds=100, eta=0.3 
+ Fold01: lambda=1e-04, alpha=1e-01, nrounds=100, eta=0.3 
- Fold01: lambda=1e-04, alpha=1e-01, nrounds=100, eta=0.3 
+ Fold01: lambda=0e+00, alpha=1e-04, nrounds=100, eta=0.3 
- Fold01: lambda=0e+00, alpha=1e-04, nrounds=100, eta=0.3 
+ Fold01: lambda=1e-01, alpha=1e-04, nrounds=100, eta=0.3 
- Fold01: lambda=1e-01, alpha=1e-04, nrounds=100, eta=0.3 
+ Fold01: lambda=1e-04, alpha=1e-04, nrounds=100, eta=0.3 
- Fold01: lambda=1e-04, alpha=1e-04, nrounds=100, eta=0.3 
+ Fold01: lambda=0e+00, alpha=0e+00, nrounds=150, eta=0.3 
- Fold01: lambda=0e+00, alpha=0e+00, nrounds=150, eta=0.3 
+ Fold01: lambda=1e-01, alpha=0e+00, nrounds=150, eta=0.3 
- Fold01: lambda=1e-01, alpha=0e+00, nrounds=150, eta=0.3 
+ Fold01: lambda=1e-04, alpha=0e+00, nrounds=150, eta=0.3 
- Fold01: lambda=1e-04, alpha=0e+00, nrounds=150, eta=0.3 
+ Fold01: lambda=0e+00, alpha=1e-01, nrounds=150, eta=0.3 
- Fold01: lambda=0e+00, alpha=1e-01, nrounds=150, eta=0.3 
+ Fold01: lambda=1e-01, alpha=1e-01, nrounds=150, eta=0.3 
- Fold01: lambda=1e-01, alpha=1e-01, nrounds=150, eta=0.3 
+ Fold01: lambda=1e-04, alpha=1e-01, nrounds=150, eta=0.3 
- Fold01: lambda=1e-04, alpha=1e-01, nrounds=150, eta=0.3 
+ Fold01: lambda=0e+00, alpha=1e-04, nrounds=150, eta=0.3 
- Fold01: lambda=0e+00, alpha=1e-04, nrounds=150, eta=0.3 
+ Fold01: lambda=1e-01, alpha=1e-04, nrounds=150, eta=0.3 
- Fold01: lambda=1e-01, alpha=1e-04, nrounds=150, eta=0.3 
+ Fold01: lambda=1e-04, alpha=1e-04, nrounds=150, eta=0.3 
- Fold01: lambda=1e-04, alpha=1e-04, nrounds=150, eta=0.3 
+ Fold02: lambda=0e+00, alpha=0e+00, nrounds= 50, eta=0.3 
- Fold02: lambda=0e+00, alpha=0e+00, nrounds= 50, eta=0.3 
+ Fold02: lambda=1e-01, alpha=0e+00, nrounds= 50, eta=0.3 
- Fold02: lambda=1e-01, alpha=0e+00, nrounds= 50, eta=0.3 
+ Fold02: lambda=1e-04, alpha=0e+00, nrounds= 50, eta=0.3 
- Fold02: lambda=1e-04, alpha=0e+00, nrounds= 50, eta=0.3 
+ Fold02: lambda=0e+00, alpha=1e-01, nrounds= 50, eta=0.3 
- Fold02: lambda=0e+00, alpha=1e-01, nrounds= 50, eta=0.3 
+ Fold02: lambda=1e-01, alpha=1e-01, nrounds= 50, eta=0.3 
- Fold02: lambda=1e-01, alpha=1e-01, nrounds= 50, eta=0.3 
+ Fold02: lambda=1e-04, alpha=1e-01, nrounds= 50, eta=0.3 
- Fold02: lambda=1e-04, alpha=1e-01, nrounds= 50, eta=0.3 
+ Fold02: lambda=0e+00, alpha=1e-04, nrounds= 50, eta=0.3 
- Fold02: lambda=0e+00, alpha=1e-04, nrounds= 50, eta=0.3 
+ Fold02: lambda=1e-01, alpha=1e-04, nrounds= 50, eta=0.3 
- Fold02: lambda=1e-01, alpha=1e-04, nrounds= 50, eta=0.3 
+ Fold02: lambda=1e-04, alpha=1e-04, nrounds= 50, eta=0.3 
- Fold02: lambda=1e-04, alpha=1e-04, nrounds= 50, eta=0.3 
+ Fold02: lambda=0e+00, alpha=0e+00, nrounds=100, eta=0.3 
- Fold02: lambda=0e+00, alpha=0e+00, nrounds=100, eta=0.3 
+ Fold02: lambda=1e-01, alpha=0e+00, nrounds=100, eta=0.3 
- Fold02: lambda=1e-01, alpha=0e+00, nrounds=100, eta=0.3 
+ Fold02: lambda=1e-04, alpha=0e+00, nrounds=100, eta=0.3 
- Fold02: lambda=1e-04, alpha=0e+00, nrounds=100, eta=0.3 
+ Fold02: lambda=0e+00, alpha=1e-01, nrounds=100, eta=0.3 
- Fold02: lambda=0e+00, alpha=1e-01, nrounds=100, eta=0.3 
+ Fold02: lambda=1e-01, alpha=1e-01, nrounds=100, eta=0.3 
- Fold02: lambda=1e-01, alpha=1e-01, nrounds=100, eta=0.3 
+ Fold02: lambda=1e-04, alpha=1e-01, nrounds=100, eta=0.3 
- Fold02: lambda=1e-04, alpha=1e-01, nrounds=100, eta=0.3 
+ Fold02: lambda=0e+00, alpha=1e-04, nrounds=100, eta=0.3 
- Fold02: lambda=0e+00, alpha=1e-04, nrounds=100, eta=0.3 
+ Fold02: lambda=1e-01, alpha=1e-04, nrounds=100, eta=0.3 
- Fold02: lambda=1e-01, alpha=1e-04, nrounds=100, eta=0.3 
+ Fold02: lambda=1e-04, alpha=1e-04, nrounds=100, eta=0.3 
- Fold02: lambda=1e-04, alpha=1e-04, nrounds=100, eta=0.3 
+ Fold02: lambda=0e+00, alpha=0e+00, nrounds=150, eta=0.3 
- Fold02: lambda=0e+00, alpha=0e+00, nrounds=150, eta=0.3 
+ Fold02: lambda=1e-01, alpha=0e+00, nrounds=150, eta=0.3 
- Fold02: lambda=1e-01, alpha=0e+00, nrounds=150, eta=0.3 
+ Fold02: lambda=1e-04, alpha=0e+00, nrounds=150, eta=0.3 
- Fold02: lambda=1e-04, alpha=0e+00, nrounds=150, eta=0.3 
+ Fold02: lambda=0e+00, alpha=1e-01, nrounds=150, eta=0.3 
- Fold02: lambda=0e+00, alpha=1e-01, nrounds=150, eta=0.3 
+ Fold02: lambda=1e-01, alpha=1e-01, nrounds=150, eta=0.3 
- Fold02: lambda=1e-01, alpha=1e-01, nrounds=150, eta=0.3 
+ Fold02: lambda=1e-04, alpha=1e-01, nrounds=150, eta=0.3 
- Fold02: lambda=1e-04, alpha=1e-01, nrounds=150, eta=0.3 
+ Fold02: lambda=0e+00, alpha=1e-04, nrounds=150, eta=0.3 
- Fold02: lambda=0e+00, alpha=1e-04, nrounds=150, eta=0.3 
+ Fold02: lambda=1e-01, alpha=1e-04, nrounds=150, eta=0.3 
- Fold02: lambda=1e-01, alpha=1e-04, nrounds=150, eta=0.3 
+ Fold02: lambda=1e-04, alpha=1e-04, nrounds=150, eta=0.3 
- Fold02: lambda=1e-04, alpha=1e-04, nrounds=150, eta=0.3 
+ Fold03: lambda=0e+00, alpha=0e+00, nrounds= 50, eta=0.3 
- Fold03: lambda=0e+00, alpha=0e+00, nrounds= 50, eta=0.3 
+ Fold03: lambda=1e-01, alpha=0e+00, nrounds= 50, eta=0.3 
- Fold03: lambda=1e-01, alpha=0e+00, nrounds= 50, eta=0.3 
+ Fold03: lambda=1e-04, alpha=0e+00, nrounds= 50, eta=0.3 
- Fold03: lambda=1e-04, alpha=0e+00, nrounds= 50, eta=0.3 
+ Fold03: lambda=0e+00, alpha=1e-01, nrounds= 50, eta=0.3 
- Fold03: lambda=0e+00, alpha=1e-01, nrounds= 50, eta=0.3 
+ Fold03: lambda=1e-01, alpha=1e-01, nrounds= 50, eta=0.3 
- Fold03: lambda=1e-01, alpha=1e-01, nrounds= 50, eta=0.3 
+ Fold03: lambda=1e-04, alpha=1e-01, nrounds= 50, eta=0.3 
- Fold03: lambda=1e-04, alpha=1e-01, nrounds= 50, eta=0.3 
+ Fold03: lambda=0e+00, alpha=1e-04, nrounds= 50, eta=0.3 
- Fold03: lambda=0e+00, alpha=1e-04, nrounds= 50, eta=0.3 
+ Fold03: lambda=1e-01, alpha=1e-04, nrounds= 50, eta=0.3 
- Fold03: lambda=1e-01, alpha=1e-04, nrounds= 50, eta=0.3 
+ Fold03: lambda=1e-04, alpha=1e-04, nrounds= 50, eta=0.3 
- Fold03: lambda=1e-04, alpha=1e-04, nrounds= 50, eta=0.3 
+ Fold03: lambda=0e+00, alpha=0e+00, nrounds=100, eta=0.3 
- Fold03: lambda=0e+00, alpha=0e+00, nrounds=100, eta=0.3 
+ Fold03: lambda=1e-01, alpha=0e+00, nrounds=100, eta=0.3 
- Fold03: lambda=1e-01, alpha=0e+00, nrounds=100, eta=0.3 
+ Fold03: lambda=1e-04, alpha=0e+00, nrounds=100, eta=0.3 
- Fold03: lambda=1e-04, alpha=0e+00, nrounds=100, eta=0.3 
+ Fold03: lambda=0e+00, alpha=1e-01, nrounds=100, eta=0.3 
- Fold03: lambda=0e+00, alpha=1e-01, nrounds=100, eta=0.3 
+ Fold03: lambda=1e-01, alpha=1e-01, nrounds=100, eta=0.3 
- Fold03: lambda=1e-01, alpha=1e-01, nrounds=100, eta=0.3 
+ Fold03: lambda=1e-04, alpha=1e-01, nrounds=100, eta=0.3 
- Fold03: lambda=1e-04, alpha=1e-01, nrounds=100, eta=0.3 
+ Fold03: lambda=0e+00, alpha=1e-04, nrounds=100, eta=0.3 
- Fold03: lambda=0e+00, alpha=1e-04, nrounds=100, eta=0.3 
+ Fold03: lambda=1e-01, alpha=1e-04, nrounds=100, eta=0.3 
- Fold03: lambda=1e-01, alpha=1e-04, nrounds=100, eta=0.3 
+ Fold03: lambda=1e-04, alpha=1e-04, nrounds=100, eta=0.3 
- Fold03: lambda=1e-04, alpha=1e-04, nrounds=100, eta=0.3 
+ Fold03: lambda=0e+00, alpha=0e+00, nrounds=150, eta=0.3 
- Fold03: lambda=0e+00, alpha=0e+00, nrounds=150, eta=0.3 
+ Fold03: lambda=1e-01, alpha=0e+00, nrounds=150, eta=0.3 
- Fold03: lambda=1e-01, alpha=0e+00, nrounds=150, eta=0.3 
+ Fold03: lambda=1e-04, alpha=0e+00, nrounds=150, eta=0.3 
- Fold03: lambda=1e-04, alpha=0e+00, nrounds=150, eta=0.3 
+ Fold03: lambda=0e+00, alpha=1e-01, nrounds=150, eta=0.3 
- Fold03: lambda=0e+00, alpha=1e-01, nrounds=150, eta=0.3 
+ Fold03: lambda=1e-01, alpha=1e-01, nrounds=150, eta=0.3 
- Fold03: lambda=1e-01, alpha=1e-01, nrounds=150, eta=0.3 
+ Fold03: lambda=1e-04, alpha=1e-01, nrounds=150, eta=0.3 
- Fold03: lambda=1e-04, alpha=1e-01, nrounds=150, eta=0.3 
+ Fold03: lambda=0e+00, alpha=1e-04, nrounds=150, eta=0.3 
- Fold03: lambda=0e+00, alpha=1e-04, nrounds=150, eta=0.3 
+ Fold03: lambda=1e-01, alpha=1e-04, nrounds=150, eta=0.3 
- Fold03: lambda=1e-01, alpha=1e-04, nrounds=150, eta=0.3 
+ Fold03: lambda=1e-04, alpha=1e-04, nrounds=150, eta=0.3 
- Fold03: lambda=1e-04, alpha=1e-04, nrounds=150, eta=0.3 
+ Fold04: lambda=0e+00, alpha=0e+00, nrounds= 50, eta=0.3 
- Fold04: lambda=0e+00, alpha=0e+00, nrounds= 50, eta=0.3 
+ Fold04: lambda=1e-01, alpha=0e+00, nrounds= 50, eta=0.3 
- Fold04: lambda=1e-01, alpha=0e+00, nrounds= 50, eta=0.3 
+ Fold04: lambda=1e-04, alpha=0e+00, nrounds= 50, eta=0.3 
- Fold04: lambda=1e-04, alpha=0e+00, nrounds= 50, eta=0.3 
+ Fold04: lambda=0e+00, alpha=1e-01, nrounds= 50, eta=0.3 
- Fold04: lambda=0e+00, alpha=1e-01, nrounds= 50, eta=0.3 
+ Fold04: lambda=1e-01, alpha=1e-01, nrounds= 50, eta=0.3 
- Fold04: lambda=1e-01, alpha=1e-01, nrounds= 50, eta=0.3 
+ Fold04: lambda=1e-04, alpha=1e-01, nrounds= 50, eta=0.3 
- Fold04: lambda=1e-04, alpha=1e-01, nrounds= 50, eta=0.3 
+ Fold04: lambda=0e+00, alpha=1e-04, nrounds= 50, eta=0.3 
- Fold04: lambda=0e+00, alpha=1e-04, nrounds= 50, eta=0.3 
+ Fold04: lambda=1e-01, alpha=1e-04, nrounds= 50, eta=0.3 
- Fold04: lambda=1e-01, alpha=1e-04, nrounds= 50, eta=0.3 
+ Fold04: lambda=1e-04, alpha=1e-04, nrounds= 50, eta=0.3 
- Fold04: lambda=1e-04, alpha=1e-04, nrounds= 50, eta=0.3 
+ Fold04: lambda=0e+00, alpha=0e+00, nrounds=100, eta=0.3 
- Fold04: lambda=0e+00, alpha=0e+00, nrounds=100, eta=0.3 
+ Fold04: lambda=1e-01, alpha=0e+00, nrounds=100, eta=0.3 
- Fold04: lambda=1e-01, alpha=0e+00, nrounds=100, eta=0.3 
+ Fold04: lambda=1e-04, alpha=0e+00, nrounds=100, eta=0.3 
- Fold04: lambda=1e-04, alpha=0e+00, nrounds=100, eta=0.3 
+ Fold04: lambda=0e+00, alpha=1e-01, nrounds=100, eta=0.3 
- Fold04: lambda=0e+00, alpha=1e-01, nrounds=100, eta=0.3 
+ Fold04: lambda=1e-01, alpha=1e-01, nrounds=100, eta=0.3 
- Fold04: lambda=1e-01, alpha=1e-01, nrounds=100, eta=0.3 
+ Fold04: lambda=1e-04, alpha=1e-01, nrounds=100, eta=0.3 
- Fold04: lambda=1e-04, alpha=1e-01, nrounds=100, eta=0.3 
+ Fold04: lambda=0e+00, alpha=1e-04, nrounds=100, eta=0.3 
- Fold04: lambda=0e+00, alpha=1e-04, nrounds=100, eta=0.3 
+ Fold04: lambda=1e-01, alpha=1e-04, nrounds=100, eta=0.3 
- Fold04: lambda=1e-01, alpha=1e-04, nrounds=100, eta=0.3 
+ Fold04: lambda=1e-04, alpha=1e-04, nrounds=100, eta=0.3 
- Fold04: lambda=1e-04, alpha=1e-04, nrounds=100, eta=0.3 
+ Fold04: lambda=0e+00, alpha=0e+00, nrounds=150, eta=0.3 
- Fold04: lambda=0e+00, alpha=0e+00, nrounds=150, eta=0.3 
+ Fold04: lambda=1e-01, alpha=0e+00, nrounds=150, eta=0.3 
- Fold04: lambda=1e-01, alpha=0e+00, nrounds=150, eta=0.3 
+ Fold04: lambda=1e-04, alpha=0e+00, nrounds=150, eta=0.3 
- Fold04: lambda=1e-04, alpha=0e+00, nrounds=150, eta=0.3 
+ Fold04: lambda=0e+00, alpha=1e-01, nrounds=150, eta=0.3 
- Fold04: lambda=0e+00, alpha=1e-01, nrounds=150, eta=0.3 
+ Fold04: lambda=1e-01, alpha=1e-01, nrounds=150, eta=0.3 
- Fold04: lambda=1e-01, alpha=1e-01, nrounds=150, eta=0.3 
+ Fold04: lambda=1e-04, alpha=1e-01, nrounds=150, eta=0.3 
- Fold04: lambda=1e-04, alpha=1e-01, nrounds=150, eta=0.3 
+ Fold04: lambda=0e+00, alpha=1e-04, nrounds=150, eta=0.3 
- Fold04: lambda=0e+00, alpha=1e-04, nrounds=150, eta=0.3 
+ Fold04: lambda=1e-01, alpha=1e-04, nrounds=150, eta=0.3 
- Fold04: lambda=1e-01, alpha=1e-04, nrounds=150, eta=0.3 
+ Fold04: lambda=1e-04, alpha=1e-04, nrounds=150, eta=0.3 
- Fold04: lambda=1e-04, alpha=1e-04, nrounds=150, eta=0.3 
+ Fold05: lambda=0e+00, alpha=0e+00, nrounds= 50, eta=0.3 
- Fold05: lambda=0e+00, alpha=0e+00, nrounds= 50, eta=0.3 
+ Fold05: lambda=1e-01, alpha=0e+00, nrounds= 50, eta=0.3 
- Fold05: lambda=1e-01, alpha=0e+00, nrounds= 50, eta=0.3 
+ Fold05: lambda=1e-04, alpha=0e+00, nrounds= 50, eta=0.3 
- Fold05: lambda=1e-04, alpha=0e+00, nrounds= 50, eta=0.3 
+ Fold05: lambda=0e+00, alpha=1e-01, nrounds= 50, eta=0.3 
- Fold05: lambda=0e+00, alpha=1e-01, nrounds= 50, eta=0.3 
+ Fold05: lambda=1e-01, alpha=1e-01, nrounds= 50, eta=0.3 
- Fold05: lambda=1e-01, alpha=1e-01, nrounds= 50, eta=0.3 
+ Fold05: lambda=1e-04, alpha=1e-01, nrounds= 50, eta=0.3 
- Fold05: lambda=1e-04, alpha=1e-01, nrounds= 50, eta=0.3 
+ Fold05: lambda=0e+00, alpha=1e-04, nrounds= 50, eta=0.3 
- Fold05: lambda=0e+00, alpha=1e-04, nrounds= 50, eta=0.3 
+ Fold05: lambda=1e-01, alpha=1e-04, nrounds= 50, eta=0.3 
- Fold05: lambda=1e-01, alpha=1e-04, nrounds= 50, eta=0.3 
+ Fold05: lambda=1e-04, alpha=1e-04, nrounds= 50, eta=0.3 
- Fold05: lambda=1e-04, alpha=1e-04, nrounds= 50, eta=0.3 
+ Fold05: lambda=0e+00, alpha=0e+00, nrounds=100, eta=0.3 
- Fold05: lambda=0e+00, alpha=0e+00, nrounds=100, eta=0.3 
+ Fold05: lambda=1e-01, alpha=0e+00, nrounds=100, eta=0.3 
- Fold05: lambda=1e-01, alpha=0e+00, nrounds=100, eta=0.3 
+ Fold05: lambda=1e-04, alpha=0e+00, nrounds=100, eta=0.3 
- Fold05: lambda=1e-04, alpha=0e+00, nrounds=100, eta=0.3 
+ Fold05: lambda=0e+00, alpha=1e-01, nrounds=100, eta=0.3 
- Fold05: lambda=0e+00, alpha=1e-01, nrounds=100, eta=0.3 
+ Fold05: lambda=1e-01, alpha=1e-01, nrounds=100, eta=0.3 
- Fold05: lambda=1e-01, alpha=1e-01, nrounds=100, eta=0.3 
+ Fold05: lambda=1e-04, alpha=1e-01, nrounds=100, eta=0.3 
- Fold05: lambda=1e-04, alpha=1e-01, nrounds=100, eta=0.3 
+ Fold05: lambda=0e+00, alpha=1e-04, nrounds=100, eta=0.3 
- Fold05: lambda=0e+00, alpha=1e-04, nrounds=100, eta=0.3 
+ Fold05: lambda=1e-01, alpha=1e-04, nrounds=100, eta=0.3 
- Fold05: lambda=1e-01, alpha=1e-04, nrounds=100, eta=0.3 
+ Fold05: lambda=1e-04, alpha=1e-04, nrounds=100, eta=0.3 
- Fold05: lambda=1e-04, alpha=1e-04, nrounds=100, eta=0.3 
+ Fold05: lambda=0e+00, alpha=0e+00, nrounds=150, eta=0.3 
- Fold05: lambda=0e+00, alpha=0e+00, nrounds=150, eta=0.3 
+ Fold05: lambda=1e-01, alpha=0e+00, nrounds=150, eta=0.3 
- Fold05: lambda=1e-01, alpha=0e+00, nrounds=150, eta=0.3 
+ Fold05: lambda=1e-04, alpha=0e+00, nrounds=150, eta=0.3 
- Fold05: lambda=1e-04, alpha=0e+00, nrounds=150, eta=0.3 
+ Fold05: lambda=0e+00, alpha=1e-01, nrounds=150, eta=0.3 
- Fold05: lambda=0e+00, alpha=1e-01, nrounds=150, eta=0.3 
+ Fold05: lambda=1e-01, alpha=1e-01, nrounds=150, eta=0.3 
- Fold05: lambda=1e-01, alpha=1e-01, nrounds=150, eta=0.3 
+ Fold05: lambda=1e-04, alpha=1e-01, nrounds=150, eta=0.3 
- Fold05: lambda=1e-04, alpha=1e-01, nrounds=150, eta=0.3 
+ Fold05: lambda=0e+00, alpha=1e-04, nrounds=150, eta=0.3 
- Fold05: lambda=0e+00, alpha=1e-04, nrounds=150, eta=0.3 
+ Fold05: lambda=1e-01, alpha=1e-04, nrounds=150, eta=0.3 
- Fold05: lambda=1e-01, alpha=1e-04, nrounds=150, eta=0.3 
+ Fold05: lambda=1e-04, alpha=1e-04, nrounds=150, eta=0.3 
- Fold05: lambda=1e-04, alpha=1e-04, nrounds=150, eta=0.3 
+ Fold06: lambda=0e+00, alpha=0e+00, nrounds= 50, eta=0.3 
- Fold06: lambda=0e+00, alpha=0e+00, nrounds= 50, eta=0.3 
+ Fold06: lambda=1e-01, alpha=0e+00, nrounds= 50, eta=0.3 
- Fold06: lambda=1e-01, alpha=0e+00, nrounds= 50, eta=0.3 
+ Fold06: lambda=1e-04, alpha=0e+00, nrounds= 50, eta=0.3 
- Fold06: lambda=1e-04, alpha=0e+00, nrounds= 50, eta=0.3 
+ Fold06: lambda=0e+00, alpha=1e-01, nrounds= 50, eta=0.3 
- Fold06: lambda=0e+00, alpha=1e-01, nrounds= 50, eta=0.3 
+ Fold06: lambda=1e-01, alpha=1e-01, nrounds= 50, eta=0.3 
- Fold06: lambda=1e-01, alpha=1e-01, nrounds= 50, eta=0.3 
+ Fold06: lambda=1e-04, alpha=1e-01, nrounds= 50, eta=0.3 
- Fold06: lambda=1e-04, alpha=1e-01, nrounds= 50, eta=0.3 
+ Fold06: lambda=0e+00, alpha=1e-04, nrounds= 50, eta=0.3 
- Fold06: lambda=0e+00, alpha=1e-04, nrounds= 50, eta=0.3 
+ Fold06: lambda=1e-01, alpha=1e-04, nrounds= 50, eta=0.3 
- Fold06: lambda=1e-01, alpha=1e-04, nrounds= 50, eta=0.3 
+ Fold06: lambda=1e-04, alpha=1e-04, nrounds= 50, eta=0.3 
- Fold06: lambda=1e-04, alpha=1e-04, nrounds= 50, eta=0.3 
+ Fold06: lambda=0e+00, alpha=0e+00, nrounds=100, eta=0.3 
- Fold06: lambda=0e+00, alpha=0e+00, nrounds=100, eta=0.3 
+ Fold06: lambda=1e-01, alpha=0e+00, nrounds=100, eta=0.3 
- Fold06: lambda=1e-01, alpha=0e+00, nrounds=100, eta=0.3 
+ Fold06: lambda=1e-04, alpha=0e+00, nrounds=100, eta=0.3 
- Fold06: lambda=1e-04, alpha=0e+00, nrounds=100, eta=0.3 
+ Fold06: lambda=0e+00, alpha=1e-01, nrounds=100, eta=0.3 
- Fold06: lambda=0e+00, alpha=1e-01, nrounds=100, eta=0.3 
+ Fold06: lambda=1e-01, alpha=1e-01, nrounds=100, eta=0.3 
- Fold06: lambda=1e-01, alpha=1e-01, nrounds=100, eta=0.3 
+ Fold06: lambda=1e-04, alpha=1e-01, nrounds=100, eta=0.3 
- Fold06: lambda=1e-04, alpha=1e-01, nrounds=100, eta=0.3 
+ Fold06: lambda=0e+00, alpha=1e-04, nrounds=100, eta=0.3 
- Fold06: lambda=0e+00, alpha=1e-04, nrounds=100, eta=0.3 
+ Fold06: lambda=1e-01, alpha=1e-04, nrounds=100, eta=0.3 
- Fold06: lambda=1e-01, alpha=1e-04, nrounds=100, eta=0.3 
+ Fold06: lambda=1e-04, alpha=1e-04, nrounds=100, eta=0.3 
- Fold06: lambda=1e-04, alpha=1e-04, nrounds=100, eta=0.3 
+ Fold06: lambda=0e+00, alpha=0e+00, nrounds=150, eta=0.3 
- Fold06: lambda=0e+00, alpha=0e+00, nrounds=150, eta=0.3 
+ Fold06: lambda=1e-01, alpha=0e+00, nrounds=150, eta=0.3 
- Fold06: lambda=1e-01, alpha=0e+00, nrounds=150, eta=0.3 
+ Fold06: lambda=1e-04, alpha=0e+00, nrounds=150, eta=0.3 
- Fold06: lambda=1e-04, alpha=0e+00, nrounds=150, eta=0.3 
+ Fold06: lambda=0e+00, alpha=1e-01, nrounds=150, eta=0.3 
- Fold06: lambda=0e+00, alpha=1e-01, nrounds=150, eta=0.3 
+ Fold06: lambda=1e-01, alpha=1e-01, nrounds=150, eta=0.3 
- Fold06: lambda=1e-01, alpha=1e-01, nrounds=150, eta=0.3 
+ Fold06: lambda=1e-04, alpha=1e-01, nrounds=150, eta=0.3 
- Fold06: lambda=1e-04, alpha=1e-01, nrounds=150, eta=0.3 
+ Fold06: lambda=0e+00, alpha=1e-04, nrounds=150, eta=0.3 
- Fold06: lambda=0e+00, alpha=1e-04, nrounds=150, eta=0.3 
+ Fold06: lambda=1e-01, alpha=1e-04, nrounds=150, eta=0.3 
- Fold06: lambda=1e-01, alpha=1e-04, nrounds=150, eta=0.3 
+ Fold06: lambda=1e-04, alpha=1e-04, nrounds=150, eta=0.3 
- Fold06: lambda=1e-04, alpha=1e-04, nrounds=150, eta=0.3 
+ Fold07: lambda=0e+00, alpha=0e+00, nrounds= 50, eta=0.3 
- Fold07: lambda=0e+00, alpha=0e+00, nrounds= 50, eta=0.3 
+ Fold07: lambda=1e-01, alpha=0e+00, nrounds= 50, eta=0.3 
- Fold07: lambda=1e-01, alpha=0e+00, nrounds= 50, eta=0.3 
+ Fold07: lambda=1e-04, alpha=0e+00, nrounds= 50, eta=0.3 
- Fold07: lambda=1e-04, alpha=0e+00, nrounds= 50, eta=0.3 
+ Fold07: lambda=0e+00, alpha=1e-01, nrounds= 50, eta=0.3 
- Fold07: lambda=0e+00, alpha=1e-01, nrounds= 50, eta=0.3 
+ Fold07: lambda=1e-01, alpha=1e-01, nrounds= 50, eta=0.3 
- Fold07: lambda=1e-01, alpha=1e-01, nrounds= 50, eta=0.3 
+ Fold07: lambda=1e-04, alpha=1e-01, nrounds= 50, eta=0.3 
- Fold07: lambda=1e-04, alpha=1e-01, nrounds= 50, eta=0.3 
+ Fold07: lambda=0e+00, alpha=1e-04, nrounds= 50, eta=0.3 
- Fold07: lambda=0e+00, alpha=1e-04, nrounds= 50, eta=0.3 
+ Fold07: lambda=1e-01, alpha=1e-04, nrounds= 50, eta=0.3 
- Fold07: lambda=1e-01, alpha=1e-04, nrounds= 50, eta=0.3 
+ Fold07: lambda=1e-04, alpha=1e-04, nrounds= 50, eta=0.3 
- Fold07: lambda=1e-04, alpha=1e-04, nrounds= 50, eta=0.3 
+ Fold07: lambda=0e+00, alpha=0e+00, nrounds=100, eta=0.3 
- Fold07: lambda=0e+00, alpha=0e+00, nrounds=100, eta=0.3 
+ Fold07: lambda=1e-01, alpha=0e+00, nrounds=100, eta=0.3 
- Fold07: lambda=1e-01, alpha=0e+00, nrounds=100, eta=0.3 
+ Fold07: lambda=1e-04, alpha=0e+00, nrounds=100, eta=0.3 
- Fold07: lambda=1e-04, alpha=0e+00, nrounds=100, eta=0.3 
+ Fold07: lambda=0e+00, alpha=1e-01, nrounds=100, eta=0.3 
- Fold07: lambda=0e+00, alpha=1e-01, nrounds=100, eta=0.3 
+ Fold07: lambda=1e-01, alpha=1e-01, nrounds=100, eta=0.3 
- Fold07: lambda=1e-01, alpha=1e-01, nrounds=100, eta=0.3 
+ Fold07: lambda=1e-04, alpha=1e-01, nrounds=100, eta=0.3 
- Fold07: lambda=1e-04, alpha=1e-01, nrounds=100, eta=0.3 
+ Fold07: lambda=0e+00, alpha=1e-04, nrounds=100, eta=0.3 
- Fold07: lambda=0e+00, alpha=1e-04, nrounds=100, eta=0.3 
+ Fold07: lambda=1e-01, alpha=1e-04, nrounds=100, eta=0.3 
- Fold07: lambda=1e-01, alpha=1e-04, nrounds=100, eta=0.3 
+ Fold07: lambda=1e-04, alpha=1e-04, nrounds=100, eta=0.3 
- Fold07: lambda=1e-04, alpha=1e-04, nrounds=100, eta=0.3 
+ Fold07: lambda=0e+00, alpha=0e+00, nrounds=150, eta=0.3 
- Fold07: lambda=0e+00, alpha=0e+00, nrounds=150, eta=0.3 
+ Fold07: lambda=1e-01, alpha=0e+00, nrounds=150, eta=0.3 
- Fold07: lambda=1e-01, alpha=0e+00, nrounds=150, eta=0.3 
+ Fold07: lambda=1e-04, alpha=0e+00, nrounds=150, eta=0.3 
- Fold07: lambda=1e-04, alpha=0e+00, nrounds=150, eta=0.3 
+ Fold07: lambda=0e+00, alpha=1e-01, nrounds=150, eta=0.3 
- Fold07: lambda=0e+00, alpha=1e-01, nrounds=150, eta=0.3 
+ Fold07: lambda=1e-01, alpha=1e-01, nrounds=150, eta=0.3 
- Fold07: lambda=1e-01, alpha=1e-01, nrounds=150, eta=0.3 
+ Fold07: lambda=1e-04, alpha=1e-01, nrounds=150, eta=0.3 
- Fold07: lambda=1e-04, alpha=1e-01, nrounds=150, eta=0.3 
+ Fold07: lambda=0e+00, alpha=1e-04, nrounds=150, eta=0.3 
- Fold07: lambda=0e+00, alpha=1e-04, nrounds=150, eta=0.3 
+ Fold07: lambda=1e-01, alpha=1e-04, nrounds=150, eta=0.3 
- Fold07: lambda=1e-01, alpha=1e-04, nrounds=150, eta=0.3 
+ Fold07: lambda=1e-04, alpha=1e-04, nrounds=150, eta=0.3 
- Fold07: lambda=1e-04, alpha=1e-04, nrounds=150, eta=0.3 
+ Fold08: lambda=0e+00, alpha=0e+00, nrounds= 50, eta=0.3 
- Fold08: lambda=0e+00, alpha=0e+00, nrounds= 50, eta=0.3 
+ Fold08: lambda=1e-01, alpha=0e+00, nrounds= 50, eta=0.3 
- Fold08: lambda=1e-01, alpha=0e+00, nrounds= 50, eta=0.3 
+ Fold08: lambda=1e-04, alpha=0e+00, nrounds= 50, eta=0.3 
- Fold08: lambda=1e-04, alpha=0e+00, nrounds= 50, eta=0.3 
+ Fold08: lambda=0e+00, alpha=1e-01, nrounds= 50, eta=0.3 
- Fold08: lambda=0e+00, alpha=1e-01, nrounds= 50, eta=0.3 
+ Fold08: lambda=1e-01, alpha=1e-01, nrounds= 50, eta=0.3 
- Fold08: lambda=1e-01, alpha=1e-01, nrounds= 50, eta=0.3 
+ Fold08: lambda=1e-04, alpha=1e-01, nrounds= 50, eta=0.3 
- Fold08: lambda=1e-04, alpha=1e-01, nrounds= 50, eta=0.3 
+ Fold08: lambda=0e+00, alpha=1e-04, nrounds= 50, eta=0.3 
- Fold08: lambda=0e+00, alpha=1e-04, nrounds= 50, eta=0.3 
+ Fold08: lambda=1e-01, alpha=1e-04, nrounds= 50, eta=0.3 
- Fold08: lambda=1e-01, alpha=1e-04, nrounds= 50, eta=0.3 
+ Fold08: lambda=1e-04, alpha=1e-04, nrounds= 50, eta=0.3 
- Fold08: lambda=1e-04, alpha=1e-04, nrounds= 50, eta=0.3 
+ Fold08: lambda=0e+00, alpha=0e+00, nrounds=100, eta=0.3 
- Fold08: lambda=0e+00, alpha=0e+00, nrounds=100, eta=0.3 
+ Fold08: lambda=1e-01, alpha=0e+00, nrounds=100, eta=0.3 
- Fold08: lambda=1e-01, alpha=0e+00, nrounds=100, eta=0.3 
+ Fold08: lambda=1e-04, alpha=0e+00, nrounds=100, eta=0.3 
- Fold08: lambda=1e-04, alpha=0e+00, nrounds=100, eta=0.3 
+ Fold08: lambda=0e+00, alpha=1e-01, nrounds=100, eta=0.3 
- Fold08: lambda=0e+00, alpha=1e-01, nrounds=100, eta=0.3 
+ Fold08: lambda=1e-01, alpha=1e-01, nrounds=100, eta=0.3 
- Fold08: lambda=1e-01, alpha=1e-01, nrounds=100, eta=0.3 
+ Fold08: lambda=1e-04, alpha=1e-01, nrounds=100, eta=0.3 
- Fold08: lambda=1e-04, alpha=1e-01, nrounds=100, eta=0.3 
+ Fold08: lambda=0e+00, alpha=1e-04, nrounds=100, eta=0.3 
- Fold08: lambda=0e+00, alpha=1e-04, nrounds=100, eta=0.3 
+ Fold08: lambda=1e-01, alpha=1e-04, nrounds=100, eta=0.3 
- Fold08: lambda=1e-01, alpha=1e-04, nrounds=100, eta=0.3 
+ Fold08: lambda=1e-04, alpha=1e-04, nrounds=100, eta=0.3 
- Fold08: lambda=1e-04, alpha=1e-04, nrounds=100, eta=0.3 
+ Fold08: lambda=0e+00, alpha=0e+00, nrounds=150, eta=0.3 
- Fold08: lambda=0e+00, alpha=0e+00, nrounds=150, eta=0.3 
+ Fold08: lambda=1e-01, alpha=0e+00, nrounds=150, eta=0.3 
- Fold08: lambda=1e-01, alpha=0e+00, nrounds=150, eta=0.3 
+ Fold08: lambda=1e-04, alpha=0e+00, nrounds=150, eta=0.3 
- Fold08: lambda=1e-04, alpha=0e+00, nrounds=150, eta=0.3 
+ Fold08: lambda=0e+00, alpha=1e-01, nrounds=150, eta=0.3 
- Fold08: lambda=0e+00, alpha=1e-01, nrounds=150, eta=0.3 
+ Fold08: lambda=1e-01, alpha=1e-01, nrounds=150, eta=0.3 
- Fold08: lambda=1e-01, alpha=1e-01, nrounds=150, eta=0.3 
+ Fold08: lambda=1e-04, alpha=1e-01, nrounds=150, eta=0.3 
- Fold08: lambda=1e-04, alpha=1e-01, nrounds=150, eta=0.3 
+ Fold08: lambda=0e+00, alpha=1e-04, nrounds=150, eta=0.3 
- Fold08: lambda=0e+00, alpha=1e-04, nrounds=150, eta=0.3 
+ Fold08: lambda=1e-01, alpha=1e-04, nrounds=150, eta=0.3 
- Fold08: lambda=1e-01, alpha=1e-04, nrounds=150, eta=0.3 
+ Fold08: lambda=1e-04, alpha=1e-04, nrounds=150, eta=0.3 
- Fold08: lambda=1e-04, alpha=1e-04, nrounds=150, eta=0.3 
+ Fold09: lambda=0e+00, alpha=0e+00, nrounds= 50, eta=0.3 
- Fold09: lambda=0e+00, alpha=0e+00, nrounds= 50, eta=0.3 
+ Fold09: lambda=1e-01, alpha=0e+00, nrounds= 50, eta=0.3 
- Fold09: lambda=1e-01, alpha=0e+00, nrounds= 50, eta=0.3 
+ Fold09: lambda=1e-04, alpha=0e+00, nrounds= 50, eta=0.3 
- Fold09: lambda=1e-04, alpha=0e+00, nrounds= 50, eta=0.3 
+ Fold09: lambda=0e+00, alpha=1e-01, nrounds= 50, eta=0.3 
- Fold09: lambda=0e+00, alpha=1e-01, nrounds= 50, eta=0.3 
+ Fold09: lambda=1e-01, alpha=1e-01, nrounds= 50, eta=0.3 
- Fold09: lambda=1e-01, alpha=1e-01, nrounds= 50, eta=0.3 
+ Fold09: lambda=1e-04, alpha=1e-01, nrounds= 50, eta=0.3 
- Fold09: lambda=1e-04, alpha=1e-01, nrounds= 50, eta=0.3 
+ Fold09: lambda=0e+00, alpha=1e-04, nrounds= 50, eta=0.3 
- Fold09: lambda=0e+00, alpha=1e-04, nrounds= 50, eta=0.3 
+ Fold09: lambda=1e-01, alpha=1e-04, nrounds= 50, eta=0.3 
- Fold09: lambda=1e-01, alpha=1e-04, nrounds= 50, eta=0.3 
+ Fold09: lambda=1e-04, alpha=1e-04, nrounds= 50, eta=0.3 
- Fold09: lambda=1e-04, alpha=1e-04, nrounds= 50, eta=0.3 
+ Fold09: lambda=0e+00, alpha=0e+00, nrounds=100, eta=0.3 
- Fold09: lambda=0e+00, alpha=0e+00, nrounds=100, eta=0.3 
+ Fold09: lambda=1e-01, alpha=0e+00, nrounds=100, eta=0.3 
- Fold09: lambda=1e-01, alpha=0e+00, nrounds=100, eta=0.3 
+ Fold09: lambda=1e-04, alpha=0e+00, nrounds=100, eta=0.3 
- Fold09: lambda=1e-04, alpha=0e+00, nrounds=100, eta=0.3 
+ Fold09: lambda=0e+00, alpha=1e-01, nrounds=100, eta=0.3 
- Fold09: lambda=0e+00, alpha=1e-01, nrounds=100, eta=0.3 
+ Fold09: lambda=1e-01, alpha=1e-01, nrounds=100, eta=0.3 
- Fold09: lambda=1e-01, alpha=1e-01, nrounds=100, eta=0.3 
+ Fold09: lambda=1e-04, alpha=1e-01, nrounds=100, eta=0.3 
- Fold09: lambda=1e-04, alpha=1e-01, nrounds=100, eta=0.3 
+ Fold09: lambda=0e+00, alpha=1e-04, nrounds=100, eta=0.3 
- Fold09: lambda=0e+00, alpha=1e-04, nrounds=100, eta=0.3 
+ Fold09: lambda=1e-01, alpha=1e-04, nrounds=100, eta=0.3 
- Fold09: lambda=1e-01, alpha=1e-04, nrounds=100, eta=0.3 
+ Fold09: lambda=1e-04, alpha=1e-04, nrounds=100, eta=0.3 
- Fold09: lambda=1e-04, alpha=1e-04, nrounds=100, eta=0.3 
+ Fold09: lambda=0e+00, alpha=0e+00, nrounds=150, eta=0.3 
- Fold09: lambda=0e+00, alpha=0e+00, nrounds=150, eta=0.3 
+ Fold09: lambda=1e-01, alpha=0e+00, nrounds=150, eta=0.3 
- Fold09: lambda=1e-01, alpha=0e+00, nrounds=150, eta=0.3 
+ Fold09: lambda=1e-04, alpha=0e+00, nrounds=150, eta=0.3 
- Fold09: lambda=1e-04, alpha=0e+00, nrounds=150, eta=0.3 
+ Fold09: lambda=0e+00, alpha=1e-01, nrounds=150, eta=0.3 
- Fold09: lambda=0e+00, alpha=1e-01, nrounds=150, eta=0.3 
+ Fold09: lambda=1e-01, alpha=1e-01, nrounds=150, eta=0.3 
- Fold09: lambda=1e-01, alpha=1e-01, nrounds=150, eta=0.3 
+ Fold09: lambda=1e-04, alpha=1e-01, nrounds=150, eta=0.3 
- Fold09: lambda=1e-04, alpha=1e-01, nrounds=150, eta=0.3 
+ Fold09: lambda=0e+00, alpha=1e-04, nrounds=150, eta=0.3 
- Fold09: lambda=0e+00, alpha=1e-04, nrounds=150, eta=0.3 
+ Fold09: lambda=1e-01, alpha=1e-04, nrounds=150, eta=0.3 
- Fold09: lambda=1e-01, alpha=1e-04, nrounds=150, eta=0.3 
+ Fold09: lambda=1e-04, alpha=1e-04, nrounds=150, eta=0.3 
- Fold09: lambda=1e-04, alpha=1e-04, nrounds=150, eta=0.3 
+ Fold10: lambda=0e+00, alpha=0e+00, nrounds= 50, eta=0.3 
- Fold10: lambda=0e+00, alpha=0e+00, nrounds= 50, eta=0.3 
+ Fold10: lambda=1e-01, alpha=0e+00, nrounds= 50, eta=0.3 
- Fold10: lambda=1e-01, alpha=0e+00, nrounds= 50, eta=0.3 
+ Fold10: lambda=1e-04, alpha=0e+00, nrounds= 50, eta=0.3 
- Fold10: lambda=1e-04, alpha=0e+00, nrounds= 50, eta=0.3 
+ Fold10: lambda=0e+00, alpha=1e-01, nrounds= 50, eta=0.3 
- Fold10: lambda=0e+00, alpha=1e-01, nrounds= 50, eta=0.3 
+ Fold10: lambda=1e-01, alpha=1e-01, nrounds= 50, eta=0.3 
- Fold10: lambda=1e-01, alpha=1e-01, nrounds= 50, eta=0.3 
+ Fold10: lambda=1e-04, alpha=1e-01, nrounds= 50, eta=0.3 
- Fold10: lambda=1e-04, alpha=1e-01, nrounds= 50, eta=0.3 
+ Fold10: lambda=0e+00, alpha=1e-04, nrounds= 50, eta=0.3 
- Fold10: lambda=0e+00, alpha=1e-04, nrounds= 50, eta=0.3 
+ Fold10: lambda=1e-01, alpha=1e-04, nrounds= 50, eta=0.3 
- Fold10: lambda=1e-01, alpha=1e-04, nrounds= 50, eta=0.3 
+ Fold10: lambda=1e-04, alpha=1e-04, nrounds= 50, eta=0.3 
- Fold10: lambda=1e-04, alpha=1e-04, nrounds= 50, eta=0.3 
+ Fold10: lambda=0e+00, alpha=0e+00, nrounds=100, eta=0.3 
- Fold10: lambda=0e+00, alpha=0e+00, nrounds=100, eta=0.3 
+ Fold10: lambda=1e-01, alpha=0e+00, nrounds=100, eta=0.3 
- Fold10: lambda=1e-01, alpha=0e+00, nrounds=100, eta=0.3 
+ Fold10: lambda=1e-04, alpha=0e+00, nrounds=100, eta=0.3 
- Fold10: lambda=1e-04, alpha=0e+00, nrounds=100, eta=0.3 
+ Fold10: lambda=0e+00, alpha=1e-01, nrounds=100, eta=0.3 
- Fold10: lambda=0e+00, alpha=1e-01, nrounds=100, eta=0.3 
+ Fold10: lambda=1e-01, alpha=1e-01, nrounds=100, eta=0.3 
- Fold10: lambda=1e-01, alpha=1e-01, nrounds=100, eta=0.3 
+ Fold10: lambda=1e-04, alpha=1e-01, nrounds=100, eta=0.3 
- Fold10: lambda=1e-04, alpha=1e-01, nrounds=100, eta=0.3 
+ Fold10: lambda=0e+00, alpha=1e-04, nrounds=100, eta=0.3 
- Fold10: lambda=0e+00, alpha=1e-04, nrounds=100, eta=0.3 
+ Fold10: lambda=1e-01, alpha=1e-04, nrounds=100, eta=0.3 
- Fold10: lambda=1e-01, alpha=1e-04, nrounds=100, eta=0.3 
+ Fold10: lambda=1e-04, alpha=1e-04, nrounds=100, eta=0.3 
- Fold10: lambda=1e-04, alpha=1e-04, nrounds=100, eta=0.3 
+ Fold10: lambda=0e+00, alpha=0e+00, nrounds=150, eta=0.3 
- Fold10: lambda=0e+00, alpha=0e+00, nrounds=150, eta=0.3 
+ Fold10: lambda=1e-01, alpha=0e+00, nrounds=150, eta=0.3 
- Fold10: lambda=1e-01, alpha=0e+00, nrounds=150, eta=0.3 
+ Fold10: lambda=1e-04, alpha=0e+00, nrounds=150, eta=0.3 
- Fold10: lambda=1e-04, alpha=0e+00, nrounds=150, eta=0.3 
+ Fold10: lambda=0e+00, alpha=1e-01, nrounds=150, eta=0.3 
- Fold10: lambda=0e+00, alpha=1e-01, nrounds=150, eta=0.3 
+ Fold10: lambda=1e-01, alpha=1e-01, nrounds=150, eta=0.3 
- Fold10: lambda=1e-01, alpha=1e-01, nrounds=150, eta=0.3 
+ Fold10: lambda=1e-04, alpha=1e-01, nrounds=150, eta=0.3 
- Fold10: lambda=1e-04, alpha=1e-01, nrounds=150, eta=0.3 
+ Fold10: lambda=0e+00, alpha=1e-04, nrounds=150, eta=0.3 
- Fold10: lambda=0e+00, alpha=1e-04, nrounds=150, eta=0.3 
+ Fold10: lambda=1e-01, alpha=1e-04, nrounds=150, eta=0.3 
- Fold10: lambda=1e-01, alpha=1e-04, nrounds=150, eta=0.3 
+ Fold10: lambda=1e-04, alpha=1e-04, nrounds=150, eta=0.3 
- Fold10: lambda=1e-04, alpha=1e-04, nrounds=150, eta=0.3 
Aggregating results
Selecting tuning parameters
Fitting nrounds = 100, lambda = 0, alpha = 0.1, eta = 0.3 on full training set
350.503 sec elapsed
eXtreme Gradient Boosting 

426 samples
958 predictors

Pre-processing: centered (629), scaled (629), median imputation (629),
 remove (329) 
Resampling: Cross-Validated (10 fold) 
Summary of sample sizes: 385, 382, 383, 383, 383, 384, ... 
Resampling results across tuning parameters:

  lambda  alpha  nrounds  RMSE      Rsquared   MAE      
  0e+00   0e+00   50      2.462052  0.9742080  0.7347494
  0e+00   0e+00  100      2.464465  0.9741673  0.7056821
  0e+00   0e+00  150      2.464491  0.9741667  0.7054021
  0e+00   1e-04   50      2.463665  0.9744218  0.7313819
  0e+00   1e-04  100      2.465657  0.9744037  0.7050970
  0e+00   1e-04  150      2.465669  0.9744037  0.7049152
  0e+00   1e-01   50      2.148704  0.9778695  0.6393847
  0e+00   1e-01  100      2.148588  0.9778708  0.6312690
  0e+00   1e-01  150      2.148588  0.9778708  0.6312690
  1e-04   0e+00   50      2.433850  0.9752607  0.7186409
  1e-04   0e+00  100      2.434107  0.9752633  0.6900117
  1e-04   0e+00  150      2.434111  0.9752635  0.6896401
  1e-04   1e-04   50      2.477023  0.9745842  0.7285273
  1e-04   1e-04  100      2.477873  0.9745822  0.7010198
  1e-04   1e-04  150      2.477862  0.9745827  0.7007553
  1e-04   1e-01   50      2.184773  0.9778182  0.6570834
  1e-04   1e-01  100      2.184849  0.9778166  0.6484048
  1e-04   1e-01  150      2.184849  0.9778166  0.6484048
  1e-01   0e+00   50      2.581293  0.9710807  0.7837086
  1e-01   0e+00  100      2.582706  0.9710769  0.7547296
  1e-01   0e+00  150      2.582681  0.9710775  0.7544815
  1e-01   1e-04   50      2.579335  0.9710858  0.7819543
  1e-01   1e-04  100      2.579876  0.9710833  0.7545880
  1e-01   1e-04  150      2.579878  0.9710834  0.7543247
  1e-01   1e-01   50      2.315560  0.9767221  0.6521856
  1e-01   1e-01  100      2.315904  0.9767178  0.6406452
  1e-01   1e-01  150      2.315904  0.9767178  0.6406452

Tuning parameter 'eta' was held constant at a value of 0.3
RMSE was used to select the optimal model using the smallest value.
The final values used for the model were nrounds = 100, lambda = 0, alpha =
 0.1 and eta = 0.3.

Call:
summary.resamples(object = resamples(list(model1, model2, model3,
 model4)), metric = "Rsquared")

Models: Model1, Model2, Model3, Model4 
Number of resamples: 10 

Rsquared 
               Min.      1st Qu.     Median       Mean    3rd Qu.      Max.
Model1 4.730174e-05 0.0007479825 0.01281513 0.04507535 0.04597127 0.1903472
Model2 8.275362e-01 0.8635012030 0.91302869 0.90063323 0.93972909 0.9475102
Model3 8.632554e-01 0.9109038040 0.94650635 0.92859129 0.95363741 0.9612949
Model4 9.361147e-01 0.9557245206 0.99010819 0.97787079 0.99782042 0.9996709
       NA's
Model1    0
Model2    0
Model3    3
Model4    0

Aggregating results
Fitting final model on full training set
7.366 sec elapsed
Aggregating results
Selecting tuning parameters
Fitting alpha = 0.1, lambda = 0.818 on full training set
3.666 sec elapsed
Aggregating results
Selecting tuning parameters
Fitting mtry = 628, splitrule = extratrees, min.node.size = 5 on full training set
15.873 sec elapsed
Warning message:
In nominalTrainWorkflow(x = x, y = y, wts = weights, info = trainInfo,  :
  There were missing values in resampled performance measures.
Aggregating results
Selecting tuning parameters
Fitting nrounds = 100, lambda = 0.1, alpha = 0.1, eta = 0.3 on full training set
21.421 sec elapsed
